<?xml version="1.0" encoding="UTF-8"?>
<!-- Generated by org.testng.reporters.JUnitReportReporter -->
<testsuite hostname="NAGRE" name="dd_tests.UploadPhotoTest" tests="1" failures="0" timestamp="18 May 2020 10:27:27 GMT" time="70.880" errors="0">
  <testcase name="Uploading_Profile_photo" time="70.880" classname="dd_tests.UploadPhotoTest"/>
</testsuite> <!-- dd_tests.UploadPhotoTest -->
