<?xml version="1.0" encoding="UTF-8"?>
<!-- Generated by org.testng.reporters.JUnitReportReporter -->
<testsuite hostname="NAGRE" name="TestLoginPage" tests="1" failures="0" timestamp="20 May 2020 03:00:20 GMT" time="29.938" errors="0">
  <testcase name="doLogin" time="29.938" classname="TestLoginPage"/>
</testsuite> <!-- TestLoginPage -->
