<?xml version="1.0" encoding="UTF-8"?>
<!-- Generated by org.testng.reporters.JUnitReportReporter -->
<testsuite hostname="NAGRE" name="Google_Tests.TC_08_VerifyAllGoogleProducts" tests="1" failures="0" timestamp="4 Dec 2020 16:23:12 GMT" time="0.001" errors="1">
  <testcase name="VerifyGoogleAllApps" time="0.001" classname="Google_Tests.TC_08_VerifyAllGoogleProducts"/>
</testsuite> <!-- Google_Tests.TC_08_VerifyAllGoogleProducts -->
